#
# A fatal error has been detected by the Java Runtime Environment:
#
#  EXCEPTION_ACCESS_VIOLATION (0xc0000005) at pc=0x0000000000000010, pid=968, tid=2280
#
# JRE version: Java(TM) SE Runtime Environment (16.0.2+7) (build 16.0.2+7-67)
# Java VM: Java HotSpot(TM) 64-Bit Server VM (16.0.2+7-67, mixed mode, sharing, tiered, compressed oops, compressed class ptrs, g1 gc, windows-amd64)
# Problematic frame:
# C  0x0000000000000010
#
# No core dump will be written. Minidumps are not enabled by default on client versions of Windows
#
# If you would like to submit a bug report, please visit:
#   https://bugreport.java.com/bugreport/crash.jsp
#

---------------  S U M M A R Y ------------

Command Line: -Dclassworlds.conf=C:\Dev\apache-maven-3.8.1\bin\..\bin\m2.conf -Dmaven.home=C:\Dev\apache-maven-3.8.1\bin\.. -Dlibrary.jansi.path=C:\Dev\apache-maven-3.8.1\bin\..\lib\jansi-native -Dmaven.multiModuleProjectDirectory=C:\Dev\myRepos\The Confident Spring Professional\06 Spring Boot Basics\myfancypdfinvoices-springboot org.codehaus.plexus.classworlds.launcher.Launcher install

Host: Intel(R) Core(TM) i7-4600U CPU @ 2.10GHz, 4 cores, 7G,  Windows 10 , 64 bit Build 19041 (10.0.19041.1151)
Time: Tue Aug 31 16:28:14 2021 Turkey Standard Time elapsed time: 20.934537 seconds (0d 0h 0m 20s)

---------------  T H R E A D  ---------------

Current thread (0x00000207c584b6f0):  JavaThread "main" [_thread_in_Java, id=2280, stack(0x00000031ef800000,0x00000031ef900000)]

Stack: [0x00000031ef800000,0x00000031ef900000],  sp=0x00000031ef8fa9b0,  free space=1002k
Native frames: (J=compiled Java code, j=interpreted, Vv=VM code, C=native code)
C  0x0000000000000010


siginfo: EXCEPTION_ACCESS_VIOLATION (0xc0000005), data execution prevention violation at address 0x0000000000000010


Register to memory mapping:

RIP=0x0000000000000010 is an unknown value
RAX=0x00000207e501ad60 is pointing into metadata
RBX={method} {0x00000008003fa030} 'untreeify' '(Ljava/util/concurrent/ConcurrentHashMap$Node;)Ljava/util/concurrent/ConcurrentHashMap$Node;' in 'java/util/concurrent/ConcurrentHashMap'
RCX=0x00000008003f7398 is pointing into metadata
RDX=0x00000207ce7c966b is at code_begin+1483 in an Interpreter codelet
return entry points  [0x00000207ce7c90a0, 0x00000207ce7c9be0]  2880 bytes
RSP=0x00000031ef8fa9b0 is pointing into the stack for thread: 0x00000207c584b6f0
RBP=0x00000031ef8faa18 is pointing into the stack for thread: 0x00000207c584b6f0
RSI=0x0 is NULL
RDI=0x0000000000000875 is an unknown value
R8 =0x0000000000000006 is an unknown value
R9 =0x0000000000000006 is an unknown value
R10=0x00007fffd9cd8cc0 jvm.dll
R11={method} {0x00000008003fa030} 'untreeify' '(Ljava/util/concurrent/ConcurrentHashMap$Node;)Ljava/util/concurrent/ConcurrentHashMap$Node;' in 'java/util/concurrent/ConcurrentHashMap'
R12=0x0 is NULL
R13=0x00000031ef8fa9b8 is pointing into the stack for thread: 0x00000207c584b6f0
R14=0x00000031ef8faaf8 is pointing into the stack for thread: 0x00000207c584b6f0
R15=0x00000207c584b6f0 is a thread


Registers:
RAX=0x00000207e501ad60, RBX=0x00000008003fa028, RCX=0x00000008003f7398, RDX=0x00000207ce7c966b
RSP=0x00000031ef8fa9b0, RBP=0x00000031ef8faa18, RSI=0x0000000000000000, RDI=0x0000000000000875
R8 =0x0000000000000006, R9 =0x0000000000000006, R10=0x00007fffd9cd8cc0, R11=0x00000008003fa028
R12=0x0000000000000000, R13=0x00000031ef8fa9b8, R14=0x00000031ef8faaf8, R15=0x00000207c584b6f0
RIP=0x0000000000000010, EFLAGS=0x0000000000010293

Top of Stack: (sp=0x00000031ef8fa9b0)
0x00000031ef8fa9b0:   00000207ce7c966b 000000008759a610
0x00000031ef8fa9c0:   0000000000000001 000000008757d7c8
0x00000031ef8fa9d0:   00000031ef8fa9c0 0000000800b283cf
0x00000031ef8fa9e0:   00000031ef8faaf8 00000008003f7398
0x00000031ef8fa9f0:   00000207e501ad60 00000000816fb428
0x00000031ef8faa00:   00000008003fa118 00000031ef8fa9b8
0x00000031ef8faa10:   00000031ef8fab00 000000008753e6d8
0x00000031ef8faa20:   00000207d62ca1cc 0000000000000000
0x00000031ef8faa30:   000000008759a790 00000000064fcf86
0x00000031ef8faa40:   0000000000000000 0000000000000003
0x00000031ef8faa50:   0000000000000006 000000008759a700
0x00000031ef8faa60:   000000008759a670 000000008759a790
0x00000031ef8faa70:   000000008759a610 000000008757d7c8
0x00000031ef8faa80:   0000000000000000 0000000000000000
0x00000031ef8faa90:   000000008757d7c8 deaddeaffffffffe
0x00000031ef8faaa0:   000000008757d7c8 deaddeaf00000f00 

Instructions: (pc=0x0000000000000010)
0xffffffffffffff10:   


Stack slot to memory mapping:
stack at sp + 0 slots: 0x00000207ce7c966b is at code_begin+1483 in an Interpreter codelet
return entry points  [0x00000207ce7c90a0, 0x00000207ce7c9be0]  2880 bytes
stack at sp + 1 slots: 0x000000008759a610 is an oop: java.util.concurrent.ConcurrentHashMap$TreeNode 
{0x000000008759a610} - klass: 'java/util/concurrent/ConcurrentHashMap$TreeNode'
stack at sp + 2 slots: 0x0000000000000001 is an unknown value
stack at sp + 3 slots: 0x000000008757d7c8 is an oop: java.util.concurrent.ConcurrentHashMap$TreeBin 
{0x000000008757d7c8} - klass: 'java/util/concurrent/ConcurrentHashMap$TreeBin'
stack at sp + 4 slots: 0x00000031ef8fa9c0 is pointing into the stack for thread: 0x00000207c584b6f0
stack at sp + 5 slots: 0x0000000800b283cf is pointing into metadata
stack at sp + 6 slots: 0x00000031ef8faaf8 is pointing into the stack for thread: 0x00000207c584b6f0
stack at sp + 7 slots: 0x00000008003f7398 is pointing into metadata


---------------  P R O C E S S  ---------------

Threads class SMR info:
_java_thread_list=0x00000207e9a0a4a0, length=18, elements={
0x00000207c584b6f0, 0x00000207e4f4e910, 0x00000207e4f4f420, 0x00000207e4f5f980,
0x00000207e4f623a0, 0x00000207e4f670d0, 0x00000207e4f679e0, 0x00000207e4f6cbe0,
0x00000207e4f755f0, 0x00000207e4f7e320, 0x00000207e59db690, 0x00000207e59e32e0,
0x00000207e5cc5660, 0x00000207e5a7cbd0, 0x00000207e879aae0, 0x00000207e5cfbec0,
0x00000207e5c3dae0, 0x00000207e89a1e10
}

Java Threads: ( => current thread )
=>0x00000207c584b6f0 JavaThread "main" [_thread_in_Java, id=2280, stack(0x00000031ef800000,0x00000031ef900000)]
  0x00000207e4f4e910 JavaThread "Reference Handler" daemon [_thread_blocked, id=5664, stack(0x00000031eff00000,0x00000031f0000000)]
  0x00000207e4f4f420 JavaThread "Finalizer" daemon [_thread_blocked, id=16112, stack(0x00000031f0000000,0x00000031f0100000)]
  0x00000207e4f5f980 JavaThread "Signal Dispatcher" daemon [_thread_blocked, id=15996, stack(0x00000031f0100000,0x00000031f0200000)]
  0x00000207e4f623a0 JavaThread "Attach Listener" daemon [_thread_blocked, id=14552, stack(0x00000031f0200000,0x00000031f0300000)]
  0x00000207e4f670d0 JavaThread "Service Thread" daemon [_thread_blocked, id=15516, stack(0x00000031f0300000,0x00000031f0400000)]
  0x00000207e4f679e0 JavaThread "Monitor Deflation Thread" daemon [_thread_blocked, id=14464, stack(0x00000031f0400000,0x00000031f0500000)]
  0x00000207e4f6cbe0 JavaThread "C2 CompilerThread0" daemon [_thread_blocked, id=2660, stack(0x00000031f0500000,0x00000031f0600000)]
  0x00000207e4f755f0 JavaThread "C1 CompilerThread0" daemon [_thread_blocked, id=6112, stack(0x00000031f0600000,0x00000031f0700000)]
  0x00000207e4f7e320 JavaThread "Sweeper thread" daemon [_thread_blocked, id=4216, stack(0x00000031f0700000,0x00000031f0800000)]
  0x00000207e59db690 JavaThread "Notification Thread" daemon [_thread_blocked, id=11764, stack(0x00000031f0800000,0x00000031f0900000)]
  0x00000207e59e32e0 JavaThread "Common-Cleaner" daemon [_thread_blocked, id=8472, stack(0x00000031f0a00000,0x00000031f0b00000)]
  0x00000207e5cc5660 JavaThread "resolver-1" daemon [_thread_blocked, id=16148, stack(0x00000031f1000000,0x00000031f1100000)]
  0x00000207e5a7cbd0 JavaThread "resolver-2" daemon [_thread_blocked, id=10148, stack(0x00000031f1100000,0x00000031f1200000)]
  0x00000207e879aae0 JavaThread "resolver-3" daemon [_thread_blocked, id=9196, stack(0x00000031f1200000,0x00000031f1300000)]
  0x00000207e5cfbec0 JavaThread "resolver-4" daemon [_thread_blocked, id=9468, stack(0x00000031f1300000,0x00000031f1400000)]
  0x00000207e5c3dae0 JavaThread "resolver-5" daemon [_thread_blocked, id=11800, stack(0x00000031f1400000,0x00000031f1500000)]
  0x00000207e89a1e10 JavaThread "C2 CompilerThread1" daemon [_thread_in_native, id=3292, stack(0x00000031f0e00000,0x00000031f0f00000)]

Other Threads:
  0x00000207e4f48f00 VMThread "VM Thread" [stack: 0x00000031efe00000,0x00000031eff00000] [id=14040]
  0x00000207e59dcfd0 WatcherThread [stack: 0x00000031f0900000,0x00000031f0a00000] [id=1964]
  0x00000207c588adc0 GCTaskThread "GC Thread#0" [stack: 0x00000031ef900000,0x00000031efa00000] [id=13736]
  0x00000207e61da5c0 GCTaskThread "GC Thread#1" [stack: 0x00000031f0b00000,0x00000031f0c00000] [id=11288]
  0x00000207e61da8d0 GCTaskThread "GC Thread#2" [stack: 0x00000031f0c00000,0x00000031f0d00000] [id=14156]
  0x00000207e5f1b6a0 GCTaskThread "GC Thread#3" [stack: 0x00000031f0d00000,0x00000031f0e00000] [id=16224]
  0x00000207c589bb50 ConcurrentGCThread "G1 Main Marker" [stack: 0x00000031efa00000,0x00000031efb00000] [id=408]
  0x00000207c589ccf0 ConcurrentGCThread "G1 Conc#0" [stack: 0x00000031efb00000,0x00000031efc00000] [id=3872]
  0x00000207c592e5c0 ConcurrentGCThread "G1 Refine#0" [stack: 0x00000031efc00000,0x00000031efd00000] [id=7612]
  0x00000207e69d73a0 ConcurrentGCThread "G1 Refine#1" [stack: 0x00000031f0f00000,0x00000031f1000000] [id=11788]
  0x00000207e4df60d0 ConcurrentGCThread "G1 Service" [stack: 0x00000031efd00000,0x00000031efe00000] [id=10132]

Threads with active compile tasks:
C2 CompilerThread1    20979 6407   !   4       sun.nio.cs.StreamDecoder::read (196 bytes)

VM state: not at safepoint (normal execution)

VM Mutex/Monitor currently owned by a thread: None

Heap address: 0x0000000081600000, size: 2026 MB, Compressed Oops mode: 32-bit

CDS archive(s) mapped at: [0x0000000800000000-0x0000000800bb0000-0x0000000800bb0000), size 12255232, SharedBaseAddress: 0x0000000800000000, ArchiveRelocationMode: 0.
Compressed class space mapped at: 0x0000000800c00000-0x0000000840c00000, reserved size: 1073741824
Narrow klass base: 0x0000000800000000, Narrow klass shift: 3, Narrow klass range: 0x100000000

GC Precious Log:
 CPUs: 4 total, 4 available
 Memory: 8097M
 Large Page Support: Disabled
 NUMA Support: Disabled
 Compressed Oops: Enabled (32-bit)
 Heap Region Size: 1M
 Heap Min Capacity: 8M
 Heap Initial Capacity: 128M
 Heap Max Capacity: 2026M
 Pre-touch: Disabled
 Parallel Workers: 4
 Concurrent Workers: 1
 Concurrent Refinement Workers: 4
 Periodic GC: Disabled

Heap:
 garbage-first heap   total 130048K, used 92145K [0x0000000081600000, 0x0000000100000000)
  region size 1024K, 34 young (34816K), 2 survivors (2048K)
 Metaspace       used 31723K, committed 32064K, reserved 1081344K
  class space    used 3526K, committed 3712K, reserved 1048576K

Heap Regions: E=young(eden), S=young(survivor), O=old, HS=humongous(starts), HC=humongous(continues), CS=collection set, F=free, OA=open archive, CA=closed archive, TAMS=top-at-mark-start (previous, next)
|   0|0x0000000081600000, 0x0000000081700000, 0x0000000081700000|100%| O|  |TAMS 0x0000000081700000, 0x0000000081600000| Untracked 
|   1|0x0000000081700000, 0x0000000081800000, 0x0000000081800000|100%| O|  |TAMS 0x0000000081800000, 0x0000000081700000| Untracked 
|   2|0x0000000081800000, 0x0000000081900000, 0x0000000081900000|100%| O|  |TAMS 0x0000000081900000, 0x0000000081800000| Untracked 
|   3|0x0000000081900000, 0x0000000081a00000, 0x0000000081a00000|100%| O|  |TAMS 0x0000000081a00000, 0x0000000081900000| Untracked 
|   4|0x0000000081a00000, 0x0000000081b00000, 0x0000000081b00000|100%| O|  |TAMS 0x0000000081b00000, 0x0000000081a00000| Untracked 
|   5|0x0000000081b00000, 0x0000000081c00000, 0x0000000081c00000|100%| O|  |TAMS 0x0000000081c00000, 0x0000000081b00000| Untracked 
|   6|0x0000000081c00000, 0x0000000081d00000, 0x0000000081d00000|100%| O|  |TAMS 0x0000000081d00000, 0x0000000081c00000| Untracked 
|   7|0x0000000081d00000, 0x0000000081e00000, 0x0000000081e00000|100%| O|  |TAMS 0x0000000081e00000, 0x0000000081d00000| Untracked 
|   8|0x0000000081e00000, 0x0000000081f00000, 0x0000000081f00000|100%| O|  |TAMS 0x0000000081f00000, 0x0000000081e00000| Untracked 
|   9|0x0000000081f00000, 0x0000000081febe00, 0x0000000082000000| 92%| O|  |TAMS 0x0000000081febe00, 0x0000000081f00000| Untracked 
|  10|0x0000000082000000, 0x0000000082100000, 0x0000000082100000|100%| O|  |TAMS 0x0000000082100000, 0x0000000082000000| Untracked 
|  11|0x0000000082100000, 0x0000000082200000, 0x0000000082200000|100%| O|  |TAMS 0x0000000082200000, 0x0000000082100000| Complete 
|  12|0x0000000082200000, 0x0000000082300000, 0x0000000082300000|100%| O|  |TAMS 0x0000000082300000, 0x0000000082200000| Complete 
|  13|0x0000000082300000, 0x0000000082400000, 0x0000000082400000|100%| O|  |TAMS 0x0000000082400000, 0x0000000082300000| Complete 
|  14|0x0000000082400000, 0x0000000082500000, 0x0000000082500000|100%| O|  |TAMS 0x0000000082500000, 0x0000000082400000| Complete 
|  15|0x0000000082500000, 0x0000000082500000, 0x0000000082600000|  0%| F|  |TAMS 0x0000000082500000, 0x0000000082500000| Untracked 
|  16|0x0000000082600000, 0x0000000082700000, 0x0000000082700000|100%| O|  |TAMS 0x0000000082700000, 0x0000000082600000| Complete 
|  17|0x0000000082700000, 0x0000000082800000, 0x0000000082800000|100%|HS|  |TAMS 0x0000000082700000, 0x0000000082700000| Complete 
|  18|0x0000000082800000, 0x0000000082900000, 0x0000000082900000|100%|HC|  |TAMS 0x0000000082800000, 0x0000000082800000| Complete 
|  19|0x0000000082900000, 0x0000000082a00000, 0x0000000082a00000|100%|HC|  |TAMS 0x0000000082900000, 0x0000000082900000| Complete 
|  20|0x0000000082a00000, 0x0000000082b00000, 0x0000000082b00000|100%| O|  |TAMS 0x0000000082b00000, 0x0000000082a00000| Complete 
|  21|0x0000000082b00000, 0x0000000082c00000, 0x0000000082c00000|100%| O|  |TAMS 0x0000000082c00000, 0x0000000082b00000| Untracked 
|  22|0x0000000082c00000, 0x0000000082d00000, 0x0000000082d00000|100%| O|  |TAMS 0x0000000082d00000, 0x0000000082c00000| Complete 
|  23|0x0000000082d00000, 0x0000000082e00000, 0x0000000082e00000|100%| O|  |TAMS 0x0000000082e00000, 0x0000000082d00000| Complete 
|  24|0x0000000082e00000, 0x0000000082f00000, 0x0000000082f00000|100%| O|  |TAMS 0x0000000082f00000, 0x0000000082e00000| Complete 
|  25|0x0000000082f00000, 0x0000000083000000, 0x0000000083000000|100%| O|  |TAMS 0x0000000083000000, 0x0000000082f00000| Complete 
|  26|0x0000000083000000, 0x0000000083000000, 0x0000000083100000|  0%| F|  |TAMS 0x0000000083000000, 0x0000000083000000| Untracked 
|  27|0x0000000083100000, 0x0000000083200000, 0x0000000083200000|100%| O|  |TAMS 0x0000000083200000, 0x0000000083100000| Complete 
|  28|0x0000000083200000, 0x0000000083300000, 0x0000000083300000|100%|HS|  |TAMS 0x0000000083300000, 0x0000000083200000| Complete 
|  29|0x0000000083300000, 0x0000000083300000, 0x0000000083400000|  0%| F|  |TAMS 0x0000000083300000, 0x0000000083300000| Untracked 
|  30|0x0000000083400000, 0x0000000083400000, 0x0000000083500000|  0%| F|  |TAMS 0x0000000083400000, 0x0000000083400000| Untracked 
|  31|0x0000000083500000, 0x0000000083600000, 0x0000000083600000|100%| O|  |TAMS 0x0000000083600000, 0x0000000083500000| Complete 
|  32|0x0000000083600000, 0x0000000083700000, 0x0000000083700000|100%| O|  |TAMS 0x0000000083700000, 0x0000000083600000| Untracked 
|  33|0x0000000083700000, 0x0000000083700000, 0x0000000083800000|  0%| F|  |TAMS 0x0000000083700000, 0x0000000083700000| Untracked 
|  34|0x0000000083800000, 0x0000000083900000, 0x0000000083900000|100%| O|  |TAMS 0x0000000083900000, 0x0000000083800000| Untracked 
|  35|0x0000000083900000, 0x0000000083a00000, 0x0000000083a00000|100%| O|  |TAMS 0x0000000083a00000, 0x0000000083900000| Complete 
|  36|0x0000000083a00000, 0x0000000083b00000, 0x0000000083b00000|100%| O|  |TAMS 0x0000000083b00000, 0x0000000083a00000| Complete 
|  37|0x0000000083b00000, 0x0000000083c00000, 0x0000000083c00000|100%| O|  |TAMS 0x0000000083c00000, 0x0000000083b00000| Complete 
|  38|0x0000000083c00000, 0x0000000083d00000, 0x0000000083d00000|100%| O|  |TAMS 0x0000000083d00000, 0x0000000083c00000| Complete 
|  39|0x0000000083d00000, 0x0000000083e00000, 0x0000000083e00000|100%| O|  |TAMS 0x0000000083e00000, 0x0000000083d00000| Complete 
|  40|0x0000000083e00000, 0x0000000083f00000, 0x0000000083f00000|100%| O|  |TAMS 0x0000000083f00000, 0x0000000083e00000| Complete 
|  41|0x0000000083f00000, 0x0000000083fe6e00, 0x0000000084000000| 90%| O|  |TAMS 0x0000000083fe6e00, 0x0000000083f00000| Complete 
|  42|0x0000000084000000, 0x0000000084100000, 0x0000000084100000|100%|HS|  |TAMS 0x0000000084000000, 0x0000000084000000| Complete 
|  43|0x0000000084100000, 0x0000000084200000, 0x0000000084200000|100%|HC|  |TAMS 0x0000000084100000, 0x0000000084100000| Complete 
|  44|0x0000000084200000, 0x0000000084300000, 0x0000000084300000|100%|HC|  |TAMS 0x0000000084200000, 0x0000000084200000| Complete 
|  45|0x0000000084300000, 0x0000000084400000, 0x0000000084400000|100%|HS|  |TAMS 0x0000000084300000, 0x0000000084300000| Complete 
|  46|0x0000000084400000, 0x0000000084500000, 0x0000000084500000|100%|HC|  |TAMS 0x0000000084400000, 0x0000000084400000| Complete 
|  47|0x0000000084500000, 0x0000000084600000, 0x0000000084600000|100%|HC|  |TAMS 0x0000000084500000, 0x0000000084500000| Complete 
|  48|0x0000000084600000, 0x0000000084600000, 0x0000000084700000|  0%| F|  |TAMS 0x0000000084600000, 0x0000000084600000| Untracked 
|  49|0x0000000084700000, 0x0000000084700000, 0x0000000084800000|  0%| F|  |TAMS 0x0000000084700000, 0x0000000084700000| Untracked 
|  50|0x0000000084800000, 0x00000000848299c0, 0x0000000084900000| 16%| S|CS|TAMS 0x0000000084800000, 0x0000000084800000| Complete 
|  51|0x0000000084900000, 0x0000000084a00000, 0x0000000084a00000|100%| S|CS|TAMS 0x0000000084900000, 0x0000000084900000| Complete 
|  52|0x0000000084a00000, 0x0000000084b00000, 0x0000000084b00000|100%|HS|  |TAMS 0x0000000084a00000, 0x0000000084a00000| Complete 
|  53|0x0000000084b00000, 0x0000000084c00000, 0x0000000084c00000|100%|HC|  |TAMS 0x0000000084b00000, 0x0000000084b00000| Complete 
|  54|0x0000000084c00000, 0x0000000084d00000, 0x0000000084d00000|100%|HC|  |TAMS 0x0000000084c00000, 0x0000000084c00000| Complete 
|  55|0x0000000084d00000, 0x0000000084e00000, 0x0000000084e00000|100%|HS|  |TAMS 0x0000000084d00000, 0x0000000084d00000| Complete 
|  56|0x0000000084e00000, 0x0000000084f00000, 0x0000000084f00000|100%|HC|  |TAMS 0x0000000084e00000, 0x0000000084e00000| Complete 
|  57|0x0000000084f00000, 0x0000000085000000, 0x0000000085000000|100%|HC|  |TAMS 0x0000000084f00000, 0x0000000084f00000| Complete 
|  58|0x0000000085000000, 0x0000000085100000, 0x0000000085100000|100%|HS|  |TAMS 0x0000000085000000, 0x0000000085000000| Complete 
|  59|0x0000000085100000, 0x0000000085200000, 0x0000000085200000|100%|HC|  |TAMS 0x0000000085100000, 0x0000000085100000| Complete 
|  60|0x0000000085200000, 0x0000000085300000, 0x0000000085300000|100%|HC|  |TAMS 0x0000000085200000, 0x0000000085200000| Complete 
|  61|0x0000000085300000, 0x0000000085400000, 0x0000000085400000|100%|HS|  |TAMS 0x0000000085300000, 0x0000000085300000| Complete 
|  62|0x0000000085400000, 0x0000000085500000, 0x0000000085500000|100%|HC|  |TAMS 0x0000000085400000, 0x0000000085400000| Complete 
|  63|0x0000000085500000, 0x0000000085600000, 0x0000000085600000|100%|HC|  |TAMS 0x0000000085500000, 0x0000000085500000| Complete 
|  64|0x0000000085600000, 0x0000000085700000, 0x0000000085700000|100%|HS|  |TAMS 0x0000000085600000, 0x0000000085600000| Complete 
|  65|0x0000000085700000, 0x0000000085800000, 0x0000000085800000|100%|HC|  |TAMS 0x0000000085700000, 0x0000000085700000| Complete 
|  66|0x0000000085800000, 0x0000000085900000, 0x0000000085900000|100%|HC|  |TAMS 0x0000000085800000, 0x0000000085800000| Complete 
|  67|0x0000000085900000, 0x0000000085900000, 0x0000000085a00000|  0%| F|  |TAMS 0x0000000085900000, 0x0000000085900000| Untracked 
|  68|0x0000000085a00000, 0x0000000085a00000, 0x0000000085b00000|  0%| F|  |TAMS 0x0000000085a00000, 0x0000000085a00000| Untracked 
|  69|0x0000000085b00000, 0x0000000085b00000, 0x0000000085c00000|  0%| F|  |TAMS 0x0000000085b00000, 0x0000000085b00000| Untracked 
|  70|0x0000000085c00000, 0x0000000085c00000, 0x0000000085d00000|  0%| F|  |TAMS 0x0000000085c00000, 0x0000000085c00000| Untracked 
|  71|0x0000000085d00000, 0x0000000085d00000, 0x0000000085e00000|  0%| F|  |TAMS 0x0000000085d00000, 0x0000000085d00000| Untracked 
|  72|0x0000000085e00000, 0x0000000085e00000, 0x0000000085f00000|  0%| F|  |TAMS 0x0000000085e00000, 0x0000000085e00000| Untracked 
|  73|0x0000000085f00000, 0x0000000085f00000, 0x0000000086000000|  0%| F|  |TAMS 0x0000000085f00000, 0x0000000085f00000| Untracked 
|  74|0x0000000086000000, 0x0000000086000000, 0x0000000086100000|  0%| F|  |TAMS 0x0000000086000000, 0x0000000086000000| Untracked 
|  75|0x0000000086100000, 0x0000000086100000, 0x0000000086200000|  0%| F|  |TAMS 0x0000000086100000, 0x0000000086100000| Untracked 
|  76|0x0000000086200000, 0x0000000086200000, 0x0000000086300000|  0%| F|  |TAMS 0x0000000086200000, 0x0000000086200000| Untracked 
|  77|0x0000000086300000, 0x0000000086300000, 0x0000000086400000|  0%| F|  |TAMS 0x0000000086300000, 0x0000000086300000| Untracked 
|  78|0x0000000086400000, 0x0000000086400000, 0x0000000086500000|  0%| F|  |TAMS 0x0000000086400000, 0x0000000086400000| Untracked 
|  79|0x0000000086500000, 0x0000000086500000, 0x0000000086600000|  0%| F|  |TAMS 0x0000000086500000, 0x0000000086500000| Untracked 
|  80|0x0000000086600000, 0x0000000086600000, 0x0000000086700000|  0%| F|  |TAMS 0x0000000086600000, 0x0000000086600000| Untracked 
|  81|0x0000000086700000, 0x0000000086700000, 0x0000000086800000|  0%| F|  |TAMS 0x0000000086700000, 0x0000000086700000| Untracked 
|  82|0x0000000086800000, 0x0000000086800000, 0x0000000086900000|  0%| F|  |TAMS 0x0000000086800000, 0x0000000086800000| Untracked 
|  83|0x0000000086900000, 0x0000000086900000, 0x0000000086a00000|  0%| F|  |TAMS 0x0000000086900000, 0x0000000086900000| Untracked 
|  84|0x0000000086a00000, 0x0000000086a00000, 0x0000000086b00000|  0%| F|  |TAMS 0x0000000086a00000, 0x0000000086a00000| Untracked 
|  85|0x0000000086b00000, 0x0000000086b00000, 0x0000000086c00000|  0%| F|  |TAMS 0x0000000086b00000, 0x0000000086b00000| Untracked 
|  86|0x0000000086c00000, 0x0000000086c00000, 0x0000000086d00000|  0%| F|  |TAMS 0x0000000086c00000, 0x0000000086c00000| Untracked 
|  87|0x0000000086d00000, 0x0000000086d00000, 0x0000000086e00000|  0%| F|  |TAMS 0x0000000086d00000, 0x0000000086d00000| Untracked 
|  88|0x0000000086e00000, 0x0000000086e00000, 0x0000000086f00000|  0%| F|  |TAMS 0x0000000086e00000, 0x0000000086e00000| Untracked 
|  89|0x0000000086f00000, 0x0000000086f00000, 0x0000000087000000|  0%| F|  |TAMS 0x0000000086f00000, 0x0000000086f00000| Untracked 
|  90|0x0000000087000000, 0x0000000087000000, 0x0000000087100000|  0%| F|  |TAMS 0x0000000087000000, 0x0000000087000000| Untracked 
|  91|0x0000000087100000, 0x0000000087100000, 0x0000000087200000|  0%| F|  |TAMS 0x0000000087100000, 0x0000000087100000| Untracked 
|  92|0x0000000087200000, 0x0000000087200000, 0x0000000087300000|  0%| F|  |TAMS 0x0000000087200000, 0x0000000087200000| Untracked 
|  93|0x0000000087300000, 0x0000000087300000, 0x0000000087400000|  0%| F|  |TAMS 0x0000000087300000, 0x0000000087300000| Untracked 
|  94|0x0000000087400000, 0x0000000087400000, 0x0000000087500000|  0%| F|  |TAMS 0x0000000087400000, 0x0000000087400000| Untracked 
|  95|0x0000000087500000, 0x0000000087600000, 0x0000000087600000|100%| E|  |TAMS 0x0000000087500000, 0x0000000087500000| Complete 
|  96|0x0000000087600000, 0x0000000087700000, 0x0000000087700000|100%| E|CS|TAMS 0x0000000087600000, 0x0000000087600000| Complete 
|  97|0x0000000087700000, 0x0000000087800000, 0x0000000087800000|100%| E|CS|TAMS 0x0000000087700000, 0x0000000087700000| Complete 
|  98|0x0000000087800000, 0x0000000087900000, 0x0000000087900000|100%| E|CS|TAMS 0x0000000087800000, 0x0000000087800000| Complete 
|  99|0x0000000087900000, 0x0000000087a00000, 0x0000000087a00000|100%| E|CS|TAMS 0x0000000087900000, 0x0000000087900000| Complete 
| 100|0x0000000087a00000, 0x0000000087b00000, 0x0000000087b00000|100%| E|CS|TAMS 0x0000000087a00000, 0x0000000087a00000| Complete 
| 101|0x0000000087b00000, 0x0000000087c00000, 0x0000000087c00000|100%| E|CS|TAMS 0x0000000087b00000, 0x0000000087b00000| Complete 
| 102|0x0000000087c00000, 0x0000000087d00000, 0x0000000087d00000|100%| E|CS|TAMS 0x0000000087c00000, 0x0000000087c00000| Complete 
| 103|0x0000000087d00000, 0x0000000087e00000, 0x0000000087e00000|100%| E|CS|TAMS 0x0000000087d00000, 0x0000000087d00000| Complete 
| 104|0x0000000087e00000, 0x0000000087f00000, 0x0000000087f00000|100%| E|CS|TAMS 0x0000000087e00000, 0x0000000087e00000| Complete 
| 105|0x0000000087f00000, 0x0000000088000000, 0x0000000088000000|100%| E|CS|TAMS 0x0000000087f00000, 0x0000000087f00000| Complete 
| 106|0x0000000088000000, 0x0000000088100000, 0x0000000088100000|100%| E|CS|TAMS 0x0000000088000000, 0x0000000088000000| Complete 
| 107|0x0000000088100000, 0x0000000088200000, 0x0000000088200000|100%| E|CS|TAMS 0x0000000088100000, 0x0000000088100000| Complete 
| 108|0x0000000088200000, 0x0000000088300000, 0x0000000088300000|100%| E|CS|TAMS 0x0000000088200000, 0x0000000088200000| Complete 
| 109|0x0000000088300000, 0x0000000088400000, 0x0000000088400000|100%| E|CS|TAMS 0x0000000088300000, 0x0000000088300000| Complete 
| 110|0x0000000088400000, 0x0000000088500000, 0x0000000088500000|100%| E|CS|TAMS 0x0000000088400000, 0x0000000088400000| Complete 
| 111|0x0000000088500000, 0x0000000088600000, 0x0000000088600000|100%| E|CS|TAMS 0x0000000088500000, 0x0000000088500000| Complete 
| 112|0x0000000088600000, 0x0000000088700000, 0x0000000088700000|100%| E|CS|TAMS 0x0000000088600000, 0x0000000088600000| Complete 
| 113|0x0000000088700000, 0x0000000088800000, 0x0000000088800000|100%| E|CS|TAMS 0x0000000088700000, 0x0000000088700000| Complete 
| 114|0x0000000088800000, 0x0000000088900000, 0x0000000088900000|100%| E|CS|TAMS 0x0000000088800000, 0x0000000088800000| Complete 
| 115|0x0000000088900000, 0x0000000088a00000, 0x0000000088a00000|100%| E|CS|TAMS 0x0000000088900000, 0x0000000088900000| Complete 
| 116|0x0000000088a00000, 0x0000000088b00000, 0x0000000088b00000|100%| E|CS|TAMS 0x0000000088a00000, 0x0000000088a00000| Complete 
| 117|0x0000000088b00000, 0x0000000088c00000, 0x0000000088c00000|100%| E|CS|TAMS 0x0000000088b00000, 0x0000000088b00000| Complete 
| 118|0x0000000088c00000, 0x0000000088d00000, 0x0000000088d00000|100%| E|CS|TAMS 0x0000000088c00000, 0x0000000088c00000| Complete 
| 119|0x0000000088d00000, 0x0000000088e00000, 0x0000000088e00000|100%| E|CS|TAMS 0x0000000088d00000, 0x0000000088d00000| Complete 
| 120|0x0000000088e00000, 0x0000000088f00000, 0x0000000088f00000|100%| E|CS|TAMS 0x0000000088e00000, 0x0000000088e00000| Complete 
| 121|0x0000000088f00000, 0x0000000089000000, 0x0000000089000000|100%| E|CS|TAMS 0x0000000088f00000, 0x0000000088f00000| Complete 
| 122|0x0000000089000000, 0x0000000089100000, 0x0000000089100000|100%| E|CS|TAMS 0x0000000089000000, 0x0000000089000000| Complete 
| 123|0x0000000089100000, 0x0000000089200000, 0x0000000089200000|100%| E|CS|TAMS 0x0000000089100000, 0x0000000089100000| Complete 
| 124|0x0000000089200000, 0x0000000089300000, 0x0000000089300000|100%| E|CS|TAMS 0x0000000089200000, 0x0000000089200000| Complete 
| 142|0x000000008a400000, 0x000000008a500000, 0x000000008a500000|100%| E|CS|TAMS 0x000000008a400000, 0x000000008a400000| Complete 
| 143|0x000000008a500000, 0x000000008a600000, 0x000000008a600000|100%| E|CS|TAMS 0x000000008a500000, 0x000000008a500000| Complete 

Card table byte_map: [0x00000207de1e0000,0x00000207de5e0000] _byte_map_base: 0x00000207dddd5000

Marking Bits (Prev, Next): (CMBitMap*) 0x00000207c588b400, (CMBitMap*) 0x00000207c588b3c0
 Prev Bits: [0x00000207e0990000, 0x00000207e2938000)
 Next Bits: [0x00000207de9e0000, 0x00000207e0988000)

Polling page: 0x00000207c5930000

Metaspace:

Usage:
  Non-class:     27.54 MB used.
      Class:      3.44 MB used.
       Both:     30.98 MB used.

Virtual space:
  Non-class space:       32.00 MB reserved,      27.69 MB ( 87%) committed,  4 nodes.
      Class space:        1.00 GB reserved,       3.62 MB ( <1%) committed,  1 nodes.
              Both:        1.03 GB reserved,      31.31 MB (  3%) committed. 

Chunk freelists:
   Non-Class:  208.00 KB
       Class:  208.00 KB
        Both:  416.00 KB

MaxMetaspaceSize: 17179869184.00 GB
CompressedClassSpaceSize: 1.00 GB
 - commit_granule_bytes: 65536.
 - commit_granule_words: 8192.
 - virtual_space_node_default_size: 1048576.
 - enlarge_chunks_in_place: 1.
 - new_chunks_are_fully_committed: 0.
 - uncommit_free_chunks: 1.
 - use_allocation_guard: 0.
 - handle_deallocations: 1.


Internal statistics:

num_allocs_failed_limit: 3.
num_arena_births: 208.
num_arena_deaths: 0.
num_vsnodes_births: 5.
num_vsnodes_deaths: 0.
num_space_committed: 501.
num_space_uncommitted: 0.
num_chunks_returned_to_freelist: 3.
num_chunks_taken_from_freelist: 1287.
num_chunk_merges: 3.
num_chunk_splits: 898.
num_chunks_enlarged: 691.
num_purges: 0.

CodeHeap 'non-profiled nmethods': size=120000Kb used=3216Kb max_used=3216Kb free=116783Kb
 bounds [0x00000207d6290000, 0x00000207d65c0000, 0x00000207dd7c0000]
CodeHeap 'profiled nmethods': size=120000Kb used=11281Kb max_used=12259Kb free=108719Kb
 bounds [0x00000207ced60000, 0x00000207cf960000, 0x00000207d6290000]
CodeHeap 'non-nmethods': size=5760Kb used=1261Kb max_used=1311Kb free=4498Kb
 bounds [0x00000207ce7c0000, 0x00000207cea30000, 0x00000207ced60000]
 total_blobs=6024 nmethods=5454 adapters=482
 compilation: enabled
              stopped_count=0, restarted_count=0
 full_count=0

Compilation events (20 events):
Event: 20.894 Thread 0x00000207e4f755f0 6400       3       java.security.CodeSource::matchCerts (254 bytes)
Event: 20.894 Thread 0x00000207e4f755f0 nmethod 6400 0x00000207cf195f90 code [0x00000207cf196200, 0x00000207cf196e38]
Event: 20.896 Thread 0x00000207e89a1e10 6401       4       sun.nio.cs.UTF_8$Decoder::decodeArrayLoop (691 bytes)
Event: 20.897 Thread 0x00000207e4f6cbe0 6402       4       java.lang.Character::isSurrogate (18 bytes)
Event: 20.897 Thread 0x00000207e4f755f0 6403       3       java.lang.String::startsWith (7 bytes)
Event: 20.897 Thread 0x00000207e4f6cbe0 nmethod 6402 0x00000207d65ac990 code [0x00000207d65acb00, 0x00000207d65acb78]
Event: 20.897 Thread 0x00000207e4f755f0 nmethod 6403 0x00000207cf195c10 code [0x00000207cf195dc0, 0x00000207cf195f08]
Event: 20.897 Thread 0x00000207e4f755f0 6404       3       java.lang.String::startsWith (138 bytes)
Event: 20.898 Thread 0x00000207e4f6cbe0 6405   !   4       java.io.BufferedReader::readLine (327 bytes)
Event: 20.898 Thread 0x00000207e4f755f0 nmethod 6404 0x00000207cf575410 code [0x00000207cf575640, 0x00000207cf575ed8]
Event: 20.901 Thread 0x00000207e4f755f0 6410       3       sun.nio.cs.UTF_8$Decoder::isNotContinuation (17 bytes)
Event: 20.902 Thread 0x00000207e4f755f0 nmethod 6410 0x00000207cf1da990 code [0x00000207cf1dab20, 0x00000207cf1dac78]
Event: 20.904 Thread 0x00000207e4f755f0 6411       3       sun.nio.cs.UTF_8$Decoder::isMalformed3 (45 bytes)
Event: 20.904 Thread 0x00000207e4f755f0 nmethod 6411 0x00000207cf1da510 code [0x00000207cf1da6c0, 0x00000207cf1da8d8]
Event: 20.908 Thread 0x00000207e4f755f0 6414   !   3       java.util.zip.Inflater::getBytesWritten (23 bytes)
Event: 20.908 Thread 0x00000207e4f755f0 nmethod 6414 0x00000207cf574f10 code [0x00000207cf5750c0, 0x00000207cf5752e8]
Event: 20.911 Thread 0x00000207e4f755f0 6415   !   3       java.util.concurrent.ConcurrentHashMap::putVal (432 bytes)
Event: 20.913 Thread 0x00000207e4f755f0 nmethod 6415 0x00000207cf67e110 code [0x00000207cf67e480, 0x00000207cf680068]
Event: 20.914 Thread 0x00000207e4f755f0 6417       3       java.lang.String::hashCode (60 bytes)
Event: 20.914 Thread 0x00000207e4f755f0 nmethod 6417 0x00000207cf574890 code [0x00000207cf574a60, 0x00000207cf574dd8]

GC Heap History (20 events):
Event: 7.010 GC heap before
{Heap before GC invocations=3 (full 0):
 garbage-first heap   total 131072K, used 80381K [0x0000000081600000, 0x0000000100000000)
  region size 1024K, 76 young (77824K), 8 survivors (8192K)
 Metaspace       used 16784K, committed 17024K, reserved 1064960K
  class space    used 1809K, committed 1920K, reserved 1048576K
}
Event: 7.028 GC heap after
{Heap after GC invocations=4 (full 0):
 garbage-first heap   total 131072K, used 14639K [0x0000000081600000, 0x0000000100000000)
  region size 1024K, 5 young (5120K), 5 survivors (5120K)
 Metaspace       used 16784K, committed 17024K, reserved 1064960K
  class space    used 1809K, committed 1920K, reserved 1048576K
}
Event: 7.264 GC heap before
{Heap before GC invocations=4 (full 0):
 garbage-first heap   total 131072K, used 19759K [0x0000000081600000, 0x0000000100000000)
  region size 1024K, 11 young (11264K), 5 survivors (5120K)
 Metaspace       used 21010K, committed 21248K, reserved 1073152K
  class space    used 2345K, committed 2496K, reserved 1048576K
}
Event: 7.270 GC heap after
{Heap after GC invocations=5 (full 0):
 garbage-first heap   total 131072K, used 15574K [0x0000000081600000, 0x0000000100000000)
  region size 1024K, 6 young (6144K), 6 survivors (6144K)
 Metaspace       used 21010K, committed 21248K, reserved 1073152K
  class space    used 2345K, committed 2496K, reserved 1048576K
}
Event: 8.012 GC heap before
{Heap before GC invocations=6 (full 0):
 garbage-first heap   total 58368K, used 44246K [0x0000000081600000, 0x0000000100000000)
  region size 1024K, 34 young (34816K), 6 survivors (6144K)
 Metaspace       used 23094K, committed 23424K, reserved 1073152K
  class space    used 2555K, committed 2688K, reserved 1048576K
}
Event: 8.032 GC heap after
{Heap after GC invocations=7 (full 0):
 garbage-first heap   total 58368K, used 23231K [0x0000000081600000, 0x0000000100000000)
  region size 1024K, 5 young (5120K), 5 survivors (5120K)
 Metaspace       used 23094K, committed 23424K, reserved 1073152K
  class space    used 2555K, committed 2688K, reserved 1048576K
}
Event: 8.704 GC heap before
{Heap before GC invocations=7 (full 0):
 garbage-first heap   total 58368K, used 42687K [0x0000000081600000, 0x0000000100000000)
  region size 1024K, 24 young (24576K), 5 survivors (5120K)
 Metaspace       used 24806K, committed 25088K, reserved 1073152K
  class space    used 2762K, committed 2880K, reserved 1048576K
}
Event: 8.718 GC heap after
{Heap after GC invocations=8 (full 0):
 garbage-first heap   total 58368K, used 25007K [0x0000000081600000, 0x0000000100000000)
  region size 1024K, 3 young (3072K), 3 survivors (3072K)
 Metaspace       used 24806K, committed 25088K, reserved 1073152K
  class space    used 2762K, committed 2880K, reserved 1048576K
}
Event: 8.976 GC heap before
{Heap before GC invocations=8 (full 0):
 garbage-first heap   total 58368K, used 41391K [0x0000000081600000, 0x0000000100000000)
  region size 1024K, 20 young (20480K), 3 survivors (3072K)
 Metaspace       used 24870K, committed 25088K, reserved 1073152K
  class space    used 2762K, committed 2880K, reserved 1048576K
}
Event: 8.989 GC heap after
{Heap after GC invocations=9 (full 0):
 garbage-first heap   total 70656K, used 31663K [0x0000000081600000, 0x0000000100000000)
  region size 1024K, 3 young (3072K), 3 survivors (3072K)
 Metaspace       used 24870K, committed 25088K, reserved 1073152K
  class space    used 2762K, committed 2880K, reserved 1048576K
}
Event: 9.283 GC heap before
{Heap before GC invocations=9 (full 0):
 garbage-first heap   total 70656K, used 52143K [0x0000000081600000, 0x0000000100000000)
  region size 1024K, 22 young (22528K), 3 survivors (3072K)
 Metaspace       used 24902K, committed 25152K, reserved 1073152K
  class space    used 2762K, committed 2880K, reserved 1048576K
}
Event: 9.294 GC heap after
{Heap after GC invocations=10 (full 0):
 garbage-first heap   total 70656K, used 37807K [0x0000000081600000, 0x0000000100000000)
  region size 1024K, 3 young (3072K), 3 survivors (3072K)
 Metaspace       used 24902K, committed 25152K, reserved 1073152K
  class space    used 2762K, committed 2880K, reserved 1048576K
}
Event: 10.239 GC heap before
{Heap before GC invocations=10 (full 0):
 garbage-first heap   total 70656K, used 52143K [0x0000000081600000, 0x0000000100000000)
  region size 1024K, 17 young (17408K), 3 survivors (3072K)
 Metaspace       used 25380K, committed 25600K, reserved 1073152K
  class space    used 2802K, committed 2880K, reserved 1048576K
}
Event: 10.248 GC heap after
{Heap after GC invocations=11 (full 0):
 garbage-first heap   total 70656K, used 39741K [0x0000000081600000, 0x0000000100000000)
  region size 1024K, 2 young (2048K), 2 survivors (2048K)
 Metaspace       used 25380K, committed 25600K, reserved 1073152K
  class space    used 2802K, committed 2880K, reserved 1048576K
}
Event: 10.548 GC heap before
{Heap before GC invocations=12 (full 0):
 garbage-first heap   total 73728K, used 53053K [0x0000000081600000, 0x0000000100000000)
  region size 1024K, 15 young (15360K), 2 survivors (2048K)
 Metaspace       used 26098K, committed 26368K, reserved 1073152K
  class space    used 2870K, committed 3008K, reserved 1048576K
}
Event: 10.554 GC heap after
{Heap after GC invocations=13 (full 0):
 garbage-first heap   total 73728K, used 40809K [0x0000000081600000, 0x0000000100000000)
  region size 1024K, 1 young (1024K), 1 survivors (1024K)
 Metaspace       used 26098K, committed 26368K, reserved 1073152K
  class space    used 2870K, committed 3008K, reserved 1048576K
}
Event: 10.576 GC heap before
{Heap before GC invocations=13 (full 0):
 garbage-first heap   total 73728K, used 42857K [0x0000000081600000, 0x0000000100000000)
  region size 1024K, 3 young (3072K), 1 survivors (1024K)
 Metaspace       used 26105K, committed 26368K, reserved 1073152K
  class space    used 2870K, committed 3008K, reserved 1048576K
}
Event: 10.583 GC heap after
{Heap after GC invocations=14 (full 0):
 garbage-first heap   total 73728K, used 34839K [0x0000000081600000, 0x0000000100000000)
  region size 1024K, 1 young (1024K), 1 survivors (1024K)
 Metaspace       used 26105K, committed 26368K, reserved 1073152K
  class space    used 2870K, committed 3008K, reserved 1048576K
}
Event: 19.972 GC heap before
{Heap before GC invocations=14 (full 0):
 garbage-first heap   total 73728K, used 54295K [0x0000000081600000, 0x0000000100000000)
  region size 1024K, 20 young (20480K), 1 survivors (1024K)
 Metaspace       used 27366K, committed 27648K, reserved 1081344K
  class space    used 2981K, committed 3136K, reserved 1048576K
}
Event: 19.979 GC heap after
{Heap after GC invocations=15 (full 0):
 garbage-first heap   total 147456K, used 35825K [0x0000000081600000, 0x0000000100000000)
  region size 1024K, 2 young (2048K), 2 survivors (2048K)
 Metaspace       used 27366K, committed 27648K, reserved 1081344K
  class space    used 2981K, committed 3136K, reserved 1048576K
}

Deoptimization events (20 events):
Event: 20.897 Thread 0x00000207c584b6f0 Uncommon trap: trap_request=0xffffff45 fr.pc=0x00000207d6385a84 relative=0x0000000000000164
Event: 20.897 Thread 0x00000207c584b6f0 Uncommon trap: reason=unstable_if action=reinterpret pc=0x00000207d6385a84 method=java.lang.String.startsWith(Ljava/lang/String;I)Z @ 50 c2
Event: 20.897 Thread 0x00000207c584b6f0 DEOPT PACKING pc=0x00000207d6385a84 sp=0x00000031ef8fac20
Event: 20.897 Thread 0x00000207c584b6f0 DEOPT UNPACKING pc=0x00000207ce80d72e sp=0x00000031ef8fab28 mode 2
Event: 20.897 Thread 0x00000207c584b6f0 Uncommon trap: trap_request=0xffffff45 fr.pc=0x00000207d638423c relative=0x000000000000019c
Event: 20.897 Thread 0x00000207c584b6f0 Uncommon trap: reason=unstable_if action=reinterpret pc=0x00000207d638423c method=java.lang.String.startsWith(Ljava/lang/String;I)Z @ 50 c2
Event: 20.897 Thread 0x00000207c584b6f0 DEOPT PACKING pc=0x00000207d638423c sp=0x00000031ef8fabb0
Event: 20.897 Thread 0x00000207c584b6f0 DEOPT UNPACKING pc=0x00000207ce80d72e sp=0x00000031ef8fab28 mode 2
Event: 20.911 Thread 0x00000207c584b6f0 Uncommon trap: trap_request=0xffffff45 fr.pc=0x00000207d62c17b8 relative=0x0000000000001218
Event: 20.911 Thread 0x00000207c584b6f0 Uncommon trap: reason=unstable_if action=reinterpret pc=0x00000207d62c17b8 method=java.util.concurrent.ConcurrentHashMap.putVal(Ljava/lang/Object;Ljava/lang/Object;Z)Ljava/lang/Object; @ 245 c2
Event: 20.911 Thread 0x00000207c584b6f0 DEOPT PACKING pc=0x00000207d62c17b8 sp=0x00000031ef8fab90
Event: 20.911 Thread 0x00000207c584b6f0 DEOPT UNPACKING pc=0x00000207ce80d72e sp=0x00000031ef8fab08 mode 2
Event: 20.911 Thread 0x00000207c584b6f0 Uncommon trap: trap_request=0xffffff45 fr.pc=0x00000207d629ab44 relative=0x0000000000000224
Event: 20.911 Thread 0x00000207c584b6f0 Uncommon trap: reason=unstable_if action=reinterpret pc=0x00000207d629ab44 method=java.lang.String.hashCode()I @ 20 c2
Event: 20.911 Thread 0x00000207c584b6f0 DEOPT PACKING pc=0x00000207d629ab44 sp=0x00000031ef8fab00
Event: 20.911 Thread 0x00000207c584b6f0 DEOPT UNPACKING pc=0x00000207ce80d72e sp=0x00000031ef8faa98 mode 2
Event: 20.916 Thread 0x00000207c584b6f0 Uncommon trap: trap_request=0xffffff45 fr.pc=0x00000207d6320e9c relative=0x000000000000123c
Event: 20.916 Thread 0x00000207c584b6f0 Uncommon trap: reason=unstable_if action=reinterpret pc=0x00000207d6320e9c method=java.util.concurrent.ConcurrentHashMap.transfer([Ljava/util/concurrent/ConcurrentHashMap$Node;[Ljava/util/concurrent/ConcurrentHashMap$Node;)V @ 352 c2
Event: 20.916 Thread 0x00000207c584b6f0 DEOPT PACKING pc=0x00000207d6320e9c sp=0x00000031ef8faa00
Event: 20.916 Thread 0x00000207c584b6f0 DEOPT UNPACKING pc=0x00000207ce80d72e sp=0x00000031ef8fa988 mode 2

Classes unloaded (0 events):
No events

Classes redefined (0 events):
No events

Internal exceptions (20 events):
Event: 9.310 Thread 0x00000207c584b6f0 Exception <a 'sun/nio/fs/WindowsException'{0x0000000088facb88}> (0x0000000088facb88) 
thrown [t:\workspace\open\src\hotspot\share\prims\jni.cpp, line 579]
Event: 9.310 Thread 0x00000207c584b6f0 Exception <a 'sun/nio/fs/WindowsException'{0x0000000088fad8e0}> (0x0000000088fad8e0) 
thrown [t:\workspace\open\src\hotspot\share\prims\jni.cpp, line 579]
Event: 9.311 Thread 0x00000207c584b6f0 Exception <a 'sun/nio/fs/WindowsException'{0x0000000088fadd30}> (0x0000000088fadd30) 
thrown [t:\workspace\open\src\hotspot\share\prims\jni.cpp, line 579]
Event: 9.311 Thread 0x00000207c584b6f0 Exception <a 'sun/nio/fs/WindowsException'{0x0000000088faea68}> (0x0000000088faea68) 
thrown [t:\workspace\open\src\hotspot\share\prims\jni.cpp, line 579]
Event: 9.311 Thread 0x00000207c584b6f0 Exception <a 'sun/nio/fs/WindowsException'{0x0000000088faee88}> (0x0000000088faee88) 
thrown [t:\workspace\open\src\hotspot\share\prims\jni.cpp, line 579]
Event: 9.311 Thread 0x00000207c584b6f0 Exception <a 'sun/nio/fs/WindowsException'{0x0000000088fafbb0}> (0x0000000088fafbb0) 
thrown [t:\workspace\open\src\hotspot\share\prims\jni.cpp, line 579]
Event: 10.296 Thread 0x00000207c584b6f0 Exception <a 'java/lang/NoSuchMethodError'{0x0000000088e4a588}: 'java.lang.String org.apache.maven.execution.MavenExecutionRequest.getFailureBehavior()'> (0x0000000088e4a588) 
thrown [t:\workspace\open\src\hotspot\share\interpreter\linkResolver.cpp, line 886]
Event: 10.337 Thread 0x00000207e879aae0 Exception <a 'java/lang/NoSuchMethodError'{0x0000000088d048d0}: 'java.lang.Object java.lang.invoke.DirectMethodHandle$Holder.invokeStaticInit(java.lang.Object, java.lang.Object, long, java.lang.Object)'> (0x0000000088d048d0) 
thrown [t:\workspace\open\src\hotspot\share\interpreter\linkResolver.cpp, line 790]
Event: 10.340 Thread 0x00000207e879aae0 Exception <a 'java/lang/NoSuchMethodError'{0x0000000088d0b360}: 'java.lang.Object java.lang.invoke.DirectMethodHandle$Holder.newInvokeSpecial(java.lang.Object, java.lang.Object, long)'> (0x0000000088d0b360) 
thrown [t:\workspace\open\src\hotspot\share\interpreter\linkResolver.cpp, line 790]
Event: 10.340 Thread 0x00000207e879aae0 Exception <a 'java/lang/NoSuchMethodError'{0x0000000088d0f0d0}: 'java.lang.Object java.lang.invoke.Invokers$Holder.linkToTargetMethod(java.lang.Object, long, java.lang.Object)'> (0x0000000088d0f0d0) 
thrown [t:\workspace\open\src\hotspot\share\interpreter\linkResolver.cpp, line 790]
Event: 10.407 Thread 0x00000207c584b6f0 Exception <a 'java/lang/NoSuchMethodError'{0x0000000088db53e0}: 'java.lang.Object java.lang.invoke.DirectMethodHandle$Holder.invokeStaticInit(java.lang.Object, java.lang.Object, int, int, int, int)'> (0x0000000088db53e0) 
thrown [t:\workspace\open\src\hotspot\share\interpreter\linkResolver.cpp, line 790]
Event: 10.760 Thread 0x00000207c584b6f0 Exception <a 'java/lang/NoSuchMethodError'{0x00000000855a9b58}: 'java.lang.Object java.lang.invoke.DirectMethodHandle$Holder.invokeStaticInit(java.lang.Object, int)'> (0x00000000855a9b58) 
thrown [t:\workspace\open\src\hotspot\share\interpreter\linkResolver.cpp, line 790]
Event: 10.810 Thread 0x00000207c584b6f0 Exception <a 'java/lang/NoSuchMethodError'{0x00000000854918c8}: 'void java.lang.invoke.DirectMethodHandle$Holder.invokeStatic(java.lang.Object, long)'> (0x00000000854918c8) 
thrown [t:\workspace\open\src\hotspot\share\interpreter\linkResolver.cpp, line 790]
Event: 10.811 Thread 0x00000207c584b6f0 Exception <a 'java/lang/NoSuchMethodError'{0x0000000085497148}: 'java.lang.Object java.lang.invoke.DirectMethodHandle$Holder.newInvokeSpecial(java.lang.Object, long)'> (0x0000000085497148) 
thrown [t:\workspace\open\src\hotspot\share\interpreter\linkResolver.cpp, line 790]
Event: 19.899 Thread 0x00000207c584b6f0 Exception <a 'sun/nio/fs/WindowsException'{0x0000000084f3d350}> (0x0000000084f3d350) 
thrown [t:\workspace\open\src\hotspot\share\prims\jni.cpp, line 579]
Event: 19.899 Thread 0x00000207c584b6f0 Exception <a 'java/lang/reflect/InvocationTargetException'{0x0000000084f3d900}> (0x0000000084f3d900) 
thrown [t:\workspace\open\src\hotspot\share\runtime\reflection.cpp, line 1157]
Event: 20.682 Thread 0x00000207c584b6f0 Exception <a 'sun/nio/fs/WindowsException'{0x0000000087ebc120}> (0x0000000087ebc120) 
thrown [t:\workspace\open\src\hotspot\share\prims\jni.cpp, line 579]
Event: 20.697 Thread 0x00000207c584b6f0 Exception <a 'java/lang/NoSuchMethodError'{0x0000000087ede1d8}: 'int java.lang.invoke.DirectMethodHandle$Holder.invokeStaticInit(java.lang.Object, java.lang.Object, java.lang.Object, java.lang.Object)'> (0x0000000087ede1d8) 
thrown [t:\workspace\open\src\hotspot\share\interpreter\linkResolver.cpp, line 790]
Event: 20.698 Thread 0x00000207c584b6f0 Exception <a 'java/lang/IncompatibleClassChangeError'{0x0000000087ee7da0}: Found class java.lang.Object, but interface was expected> (0x0000000087ee7da0) 
thrown [t:\workspace\open\src\hotspot\share\interpreter\linkResolver.cpp, line 857]
Event: 20.699 Thread 0x00000207c584b6f0 Exception <a 'java/lang/NoSuchMethodError'{0x0000000087eeb2c8}: 'void java.lang.invoke.DirectMethodHandle$Holder.invokeStaticInit(java.lang.Object, java.lang.Object)'> (0x0000000087eeb2c8) 
thrown [t:\workspace\open\src\hotspot\share\interpreter\linkResolver.cpp, line 790]

Events (20 events):
Event: 20.835 loading class javax/net/ssl/X509ExtendedKeyManager done
Event: 20.835 loading class sun/security/ssl/SunX509KeyManagerImpl done
Event: 20.836 loading class sun/security/ssl/SSLSocketFactoryImpl
Event: 20.836 loading class sun/security/ssl/SSLSocketFactoryImpl done
Event: 20.844 loading class java/io/InterruptedIOException
Event: 20.844 loading class java/io/InterruptedIOException done
Event: 20.847 loading class java/net/SocketTimeoutException
Event: 20.847 loading class java/net/SocketTimeoutException done
Event: 20.847 loading class java/net/ConnectException
Event: 20.847 loading class java/net/SocketException
Event: 20.847 loading class java/net/SocketException done
Event: 20.847 loading class java/net/ConnectException done
Event: 20.847 loading class java/net/NoRouteToHostException
Event: 20.847 loading class java/net/NoRouteToHostException done
Event: 20.888 loading class java/net/UnknownHostException
Event: 20.888 loading class java/net/UnknownHostException done
Event: 20.915 loading class java/util/concurrent/ConcurrentHashMap$TreeNode
Event: 20.915 loading class java/util/concurrent/ConcurrentHashMap$TreeNode done
Event: 20.915 loading class java/util/concurrent/ConcurrentHashMap$TreeBin
Event: 20.916 loading class java/util/concurrent/ConcurrentHashMap$TreeBin done


Dynamic libraries:
0x00007ff774a40000 - 0x00007ff774a50000 	C:\Dev\Java\jdk-16.0.2\bin\java.exe
0x00007ff8227d0000 - 0x00007ff8229c5000 	C:\WINDOWS\SYSTEM32\ntdll.dll
0x00007ff821ee0000 - 0x00007ff821f9d000 	C:\WINDOWS\System32\KERNEL32.DLL
0x00007ff820000000 - 0x00007ff8202c9000 	C:\WINDOWS\System32\KERNELBASE.dll
0x00007ff8202d0000 - 0x00007ff8203d0000 	C:\WINDOWS\System32\ucrtbase.dll
0x00007ff819ac0000 - 0x00007ff819ad9000 	C:\Dev\Java\jdk-16.0.2\bin\VCRUNTIME140.dll
0x00007ff819610000 - 0x00007ff819628000 	C:\Dev\Java\jdk-16.0.2\bin\jli.dll
0x00007ff820e30000 - 0x00007ff820edc000 	C:\WINDOWS\System32\ADVAPI32.dll
0x00007ff820d90000 - 0x00007ff820e2e000 	C:\WINDOWS\System32\msvcrt.dll
0x00007ff820fc0000 - 0x00007ff82105b000 	C:\WINDOWS\System32\sechost.dll
0x00007ff8224c0000 - 0x00007ff8225ea000 	C:\WINDOWS\System32\RPCRT4.dll
0x00007ff820b60000 - 0x00007ff820d00000 	C:\WINDOWS\System32\USER32.dll
0x00007ff820400000 - 0x00007ff820422000 	C:\WINDOWS\System32\win32u.dll
0x00007ff803810000 - 0x00007ff803aaa000 	C:\WINDOWS\WinSxS\amd64_microsoft.windows.common-controls_6595b64144ccf1df_6.0.19041.1110_none_60b5254171f9507e\COMCTL32.dll
0x00007ff820b30000 - 0x00007ff820b5a000 	C:\WINDOWS\System32\GDI32.dll
0x00007ff8204c0000 - 0x00007ff8205cb000 	C:\WINDOWS\System32\gdi32full.dll
0x00007ff8205d0000 - 0x00007ff82066d000 	C:\WINDOWS\System32\msvcp_win.dll
0x00007ff812b20000 - 0x00007ff812b2a000 	C:\WINDOWS\SYSTEM32\VERSION.dll
0x00007ff821fa0000 - 0x00007ff821fd0000 	C:\WINDOWS\System32\IMM32.DLL
0x00007ff819960000 - 0x00007ff81996c000 	C:\Dev\Java\jdk-16.0.2\bin\vcruntime140_1.dll
0x00007ff80ee60000 - 0x00007ff80eef1000 	C:\Dev\Java\jdk-16.0.2\bin\msvcp140.dll
0x00007fffd91e0000 - 0x00007fffd9d8b000 	C:\Dev\Java\jdk-16.0.2\bin\server\jvm.dll
0x00007ff822030000 - 0x00007ff822038000 	C:\WINDOWS\System32\PSAPI.DLL
0x00007ff80f070000 - 0x00007ff80f097000 	C:\WINDOWS\SYSTEM32\WINMM.dll
0x00007ff81d0b0000 - 0x00007ff81d0b9000 	C:\WINDOWS\SYSTEM32\WSOCK32.dll
0x00007ff8225f0000 - 0x00007ff82265b000 	C:\WINDOWS\System32\WS2_32.dll
0x00007ff81e750000 - 0x00007ff81e762000 	C:\WINDOWS\SYSTEM32\kernel.appcore.dll
0x00007ff817ef0000 - 0x00007ff817efa000 	C:\Dev\Java\jdk-16.0.2\bin\jimage.dll
0x00007ff810ab0000 - 0x00007ff810c94000 	C:\WINDOWS\SYSTEM32\DBGHELP.DLL
0x00007ff810a80000 - 0x00007ff810aac000 	C:\WINDOWS\SYSTEM32\dbgcore.DLL
0x00007ff820430000 - 0x00007ff8204b3000 	C:\WINDOWS\System32\bcryptPrimitives.dll
0x00007ff817ec0000 - 0x00007ff817ee5000 	C:\Dev\Java\jdk-16.0.2\bin\java.dll
0x00007ff821070000 - 0x00007ff8217af000 	C:\WINDOWS\System32\SHELL32.dll
0x00007ff81d980000 - 0x00007ff81e110000 	C:\WINDOWS\SYSTEM32\windows.storage.dll
0x00007ff822100000 - 0x00007ff822455000 	C:\WINDOWS\System32\combase.dll
0x00007ff81f7b0000 - 0x00007ff81f7dc000 	C:\WINDOWS\SYSTEM32\Wldp.dll
0x00007ff821c30000 - 0x00007ff821cde000 	C:\WINDOWS\System32\SHCORE.dll
0x00007ff822460000 - 0x00007ff8224b5000 	C:\WINDOWS\System32\shlwapi.dll
0x00007ff81fe40000 - 0x00007ff81fe5f000 	C:\WINDOWS\SYSTEM32\profapi.dll
0x00007ff817870000 - 0x00007ff817889000 	C:\Dev\Java\jdk-16.0.2\bin\net.dll
0x00007ff813770000 - 0x00007ff813878000 	C:\WINDOWS\SYSTEM32\WINHTTP.dll
0x00007ff81f590000 - 0x00007ff81f5fa000 	C:\WINDOWS\system32\mswsock.dll
0x00007ff817830000 - 0x00007ff817843000 	C:\Dev\Java\jdk-16.0.2\bin\nio.dll
0x00007ff8177d0000 - 0x00007ff8177e8000 	C:\Dev\Java\jdk-16.0.2\bin\zip.dll
0x00007ff8177a0000 - 0x00007ff8177b0000 	C:\Dev\Java\jdk-16.0.2\bin\verify.dll
0x00007ff817790000 - 0x00007ff81779a000 	C:\Dev\apache-maven-3.8.1\lib\jansi-native\windows64\jansi.dll
0x00007ff81f7f0000 - 0x00007ff81f808000 	C:\WINDOWS\SYSTEM32\CRYPTSP.dll
0x00007ff81ef30000 - 0x00007ff81ef64000 	C:\WINDOWS\system32\rsaenh.dll
0x00007ff8203d0000 - 0x00007ff8203f7000 	C:\WINDOWS\System32\bcrypt.dll
0x00007ff81fdc0000 - 0x00007ff81fdee000 	C:\WINDOWS\SYSTEM32\USERENV.dll
0x00007ff81f720000 - 0x00007ff81f72c000 	C:\WINDOWS\SYSTEM32\CRYPTBASE.dll
0x00007ff81f2a0000 - 0x00007ff81f2db000 	C:\WINDOWS\SYSTEM32\IPHLPAPI.DLL
0x00007ff821060000 - 0x00007ff821068000 	C:\WINDOWS\System32\NSI.dll
0x00007ff816530000 - 0x00007ff816547000 	C:\WINDOWS\SYSTEM32\dhcpcsvc6.DLL
0x00007ff814230000 - 0x00007ff81424d000 	C:\WINDOWS\SYSTEM32\dhcpcsvc.DLL
0x00007ff81f2e0000 - 0x00007ff81f3ac000 	C:\WINDOWS\SYSTEM32\DNSAPI.dll
0x00007ff817780000 - 0x00007ff81778e000 	C:\Dev\Java\jdk-16.0.2\bin\sunmscapi.dll
0x00007ff820670000 - 0x00007ff8207cf000 	C:\WINDOWS\System32\CRYPT32.dll
0x00007ff81f9d0000 - 0x00007ff81f9f7000 	C:\WINDOWS\SYSTEM32\ncrypt.dll
0x00007ff81f990000 - 0x00007ff81f9cb000 	C:\WINDOWS\SYSTEM32\NTASN1.dll

dbghelp: loaded successfully - version: 4.0.5 - missing functions: none
symbol engine: initialized successfully - sym options: 0x614 - pdb path: .;C:\Dev\Java\jdk-16.0.2\bin;C:\WINDOWS\SYSTEM32;C:\WINDOWS\WinSxS\amd64_microsoft.windows.common-controls_6595b64144ccf1df_6.0.19041.1110_none_60b5254171f9507e;C:\Dev\Java\jdk-16.0.2\bin\server;C:\Dev\apache-maven-3.8.1\lib\jansi-native\windows64

VM Arguments:
jvm_args: -Dclassworlds.conf=C:\Dev\apache-maven-3.8.1\bin\..\bin\m2.conf -Dmaven.home=C:\Dev\apache-maven-3.8.1\bin\.. -Dlibrary.jansi.path=C:\Dev\apache-maven-3.8.1\bin\..\lib\jansi-native -Dmaven.multiModuleProjectDirectory=C:\Dev\myRepos\The Confident Spring Professional\06 Spring Boot Basics\myfancypdfinvoices-springboot 
java_command: org.codehaus.plexus.classworlds.launcher.Launcher install
java_class_path (initial): C:\Dev\apache-maven-3.8.1\bin\..\boot\plexus-classworlds-2.6.0.jar
Launcher Type: SUN_STANDARD

[Global flags]
     intx CICompilerCount                          = 3                                         {product} {ergonomic}
     uint ConcGCThreads                            = 1                                         {product} {ergonomic}
     uint G1ConcRefinementThreads                  = 4                                         {product} {ergonomic}
   size_t G1HeapRegionSize                         = 1048576                                   {product} {ergonomic}
    uintx GCDrainStackTargetSize                   = 64                                        {product} {ergonomic}
   size_t InitialHeapSize                          = 134217728                                 {product} {ergonomic}
   size_t MarkStackSize                            = 4194304                                   {product} {ergonomic}
   size_t MaxHeapSize                              = 2124414976                                {product} {ergonomic}
   size_t MaxNewSize                               = 1274019840                                {product} {ergonomic}
   size_t MinHeapDeltaBytes                        = 1048576                                   {product} {ergonomic}
   size_t MinHeapSize                              = 8388608                                   {product} {ergonomic}
    uintx NonNMethodCodeHeapSize                   = 5832780                                {pd product} {ergonomic}
    uintx NonProfiledCodeHeapSize                  = 122912730                              {pd product} {ergonomic}
    uintx ProfiledCodeHeapSize                     = 122912730                              {pd product} {ergonomic}
    uintx ReservedCodeCacheSize                    = 251658240                              {pd product} {ergonomic}
     bool SegmentedCodeCache                       = true                                      {product} {ergonomic}
   size_t SoftMaxHeapSize                          = 2124414976                             {manageable} {ergonomic}
     bool UseCompressedClassPointers               = true                           {product lp64_product} {ergonomic}
     bool UseCompressedOops                        = true                           {product lp64_product} {ergonomic}
     bool UseG1GC                                  = true                                      {product} {ergonomic}
     bool UseLargePagesIndividualAllocation        = false                                  {pd product} {ergonomic}

Logging:
Log output configuration:
 #0: stdout all=warning uptime,level,tags
 #1: stderr all=off uptime,level,tags

Environment Variables:
JAVA_HOME=C:\Dev\Java\jdk-16.0.2
PATH=C:\Program Files\Common Files\Oracle\Java\javapath;C:\WINDOWS\system32;C:\WINDOWS;C:\WINDOWS\System32\Wbem;C:\WINDOWS\System32\WindowsPowerShell\v1.0\;C:\WINDOWS\System32\OpenSSH\;C:\Program Files\Git\cmd;C:\Program Files\Docker\Docker\resources\bin;C:\ProgramData\DockerDesktop\version-bin;C:\Users\halil\AppData\Local\Microsoft\WindowsApps;C:\Users\halil\AppData\Local\Programs\Microsoft VS Code\bin;C:\Program Files\JetBrains\IntelliJ IDEA 2021.2\bin;C:\Dev\apache-maven-3.8.1\bin;C:\Dev\Java\jdk-16.0.2\bin;;C:\Users\halil\AppData\Local\GitHubDesktop\bin
USERNAME=halil
OS=Windows_NT
PROCESSOR_IDENTIFIER=Intel64 Family 6 Model 69 Stepping 1, GenuineIntel



---------------  S Y S T E M  ---------------

OS:
 Windows 10 , 64 bit Build 19041 (10.0.19041.1151)
OS uptime: 11 days 14:38 hours
Hyper-V role detected

CPU: total 4 (initial active 4) (2 cores per cpu, 2 threads per core) family 6 model 69 stepping 1 microcode 0x26, cx8, cmov, fxsr, ht, mmx, sse, sse2, sse3, ssse3, sse4.1, sse4.2, popcnt, lzcnt, tsc, tscinvbit, avx, avx2, aes, erms, clmul, bmi1, bmi2, fma, vzeroupper, clflush, hv

Memory: 4k page, system-wide physical 8097M (1476M free)
TotalPageFile size 12822M (AvailPageFile size 2214M)
current process WorkingSet (physical memory assigned to process): 230M, peak: 231M
current process commit charge ("private bytes"): 286M, peak: 291M

vm_info: Java HotSpot(TM) 64-Bit Server VM (16.0.2+7-67) for windows-amd64 JRE (16.0.2+7-67), built on Jun  8 2021 23:24:19 by "mach5one" with MS VC++ 16.7 (VS2019)

END.
